<?xml version="1.0" encoding="UTF-8"?>
<!-- Generated by org.testng.reporters.JUnitXMLReporter -->
<testsuite ignored="0" hostname="DESKTOP-DKP8FL3" failures="0" tests="5" name="Default test" time="3.889" errors="0" timestamp="2020-03-15T22:14:50 PDT">
  <testcase classname="DataDrivenTestingAPI.DataProviderPostNewEmployees1" name="postNewEmployees" time="1.643"/>
  <testcase classname="DataDrivenTestingAPI.DataProviderPostNewEmployees1" name="postNewEmployees" time="0.336"/>
  <testcase classname="DataDrivenTestingAPI.DataProviderPostNewEmployees1" name="postNewEmployees" time="0.3"/>
  <testcase classname="DataDrivenTestingAPI.DataProviderPostNewEmployees1" name="postNewEmployees" time="0.313"/>
  <testcase classname="DataDrivenTestingAPI.DataProviderPostNewEmployees1" name="postNewEmployees" time="0.368"/>
</testsuite> <!-- Default test -->
