<?xml version="1.0" encoding="UTF-8"?>
<testng-results ignored="0" total="5" passed="5" failed="0" skipped="0">
  <reporter-output>
  </reporter-output>
  <suite started-at="2020-03-15T22:14:47 PDT" name="Default suite" finished-at="2020-03-15T22:14:50 PDT" duration-ms="3889">
    <groups>
    </groups>
    <test started-at="2020-03-15T22:14:47 PDT" name="Default test" finished-at="2020-03-15T22:14:50 PDT" duration-ms="3889">
      <class name="DataDrivenTestingAPI.DataProviderPostNewEmployees1">
        <test-method signature="postNewEmployees(java.lang.String, java.lang.String, java.lang.String)[pri:0, instance:DataDrivenTestingAPI.DataProviderPostNewEmployees1@79efed2d]" started-at="2020-03-15T22:14:47 PDT" name="postNewEmployees" data-provider="empdataprovider" finished-at="2020-03-15T22:14:49 PDT" duration-ms="1643" status="PASS">
          <params>
            <param index="0">
              <value>
                <![CDATA[Scotts1]]>
              </value>
            </param>
            <param index="1">
              <value>
                <![CDATA[40000]]>
              </value>
            </param>
            <param index="2">
              <value>
                <![CDATA[30]]>
              </value>
            </param>
          </params>
          <reporter-output>
          </reporter-output>
        </test-method> <!-- postNewEmployees -->
        <test-method signature="postNewEmployees(java.lang.String, java.lang.String, java.lang.String)[pri:0, instance:DataDrivenTestingAPI.DataProviderPostNewEmployees1@79efed2d]" started-at="2020-03-15T22:14:49 PDT" name="postNewEmployees" data-provider="empdataprovider" finished-at="2020-03-15T22:14:49 PDT" duration-ms="336" status="PASS">
          <params>
            <param index="0">
              <value>
                <![CDATA[Postts2]]>
              </value>
            </param>
            <param index="1">
              <value>
                <![CDATA[45000]]>
              </value>
            </param>
            <param index="2">
              <value>
                <![CDATA[40]]>
              </value>
            </param>
          </params>
          <reporter-output>
          </reporter-output>
        </test-method> <!-- postNewEmployees -->
        <test-method signature="postNewEmployees(java.lang.String, java.lang.String, java.lang.String)[pri:0, instance:DataDrivenTestingAPI.DataProviderPostNewEmployees1@79efed2d]" started-at="2020-03-15T22:14:49 PDT" name="postNewEmployees" data-provider="empdataprovider" finished-at="2020-03-15T22:14:50 PDT" duration-ms="300" status="PASS">
          <params>
            <param index="0">
              <value>
                <![CDATA[Ooatts3]]>
              </value>
            </param>
            <param index="1">
              <value>
                <![CDATA[35000]]>
              </value>
            </param>
            <param index="2">
              <value>
                <![CDATA[35]]>
              </value>
            </param>
          </params>
          <reporter-output>
          </reporter-output>
        </test-method> <!-- postNewEmployees -->
        <test-method signature="postNewEmployees(java.lang.String, java.lang.String, java.lang.String)[pri:0, instance:DataDrivenTestingAPI.DataProviderPostNewEmployees1@79efed2d]" started-at="2020-03-15T22:14:50 PDT" name="postNewEmployees" data-provider="empdataprovider" finished-at="2020-03-15T22:14:50 PDT" duration-ms="313" status="PASS">
          <params>
            <param index="0">
              <value>
                <![CDATA[Motts4]]>
              </value>
            </param>
            <param index="1">
              <value>
                <![CDATA[46000]]>
              </value>
            </param>
            <param index="2">
              <value>
                <![CDATA[45]]>
              </value>
            </param>
          </params>
          <reporter-output>
          </reporter-output>
        </test-method> <!-- postNewEmployees -->
        <test-method signature="postNewEmployees(java.lang.String, java.lang.String, java.lang.String)[pri:0, instance:DataDrivenTestingAPI.DataProviderPostNewEmployees1@79efed2d]" started-at="2020-03-15T22:14:50 PDT" name="postNewEmployees" data-provider="empdataprovider" finished-at="2020-03-15T22:14:50 PDT" duration-ms="368" status="PASS">
          <params>
            <param index="0">
              <value is-null="true"/>
            </param>
            <param index="1">
              <value is-null="true"/>
            </param>
            <param index="2">
              <value is-null="true"/>
            </param>
          </params>
          <reporter-output>
          </reporter-output>
        </test-method> <!-- postNewEmployees -->
      </class> <!-- DataDrivenTestingAPI.DataProviderPostNewEmployees1 -->
    </test> <!-- Default test -->
  </suite> <!-- Default suite -->
</testng-results>
